<?xml version="1.0" encoding="UTF-8"?>
<!-- Generated by org.testng.reporters.JUnitReportReporter -->
<testsuite hostname="LAPTOP-LENOVO" failures="0" tests="1" name="test.TestCase1" time="95.704" errors="0" timestamp="2023-05-20T11:26:49 IST" skipped="0">
  <testcase classname="test.TestCase1" name="test1" time="95.704"/>
  <system-out/>
</testsuite> <!-- test.TestCase1 -->
