<?xml version="1.0" encoding="UTF-8"?>
<!-- Generated by org.testng.reporters.JUnitReportReporter -->
<testsuite hostname="LAPTOP-LENOVO" failures="0" tests="1" name="test.TestCase1" time="77.280" errors="0" timestamp="2023-05-22T10:33:15 IST" skipped="0">
  <testcase classname="test.TestCase1" name="test1" time="77.280"/>
  <system-out/>
</testsuite> <!-- test.TestCase1 -->
