<?xml version="1.0" encoding="UTF-8"?>
<!-- Generated by org.testng.reporters.JUnitReportReporter -->
<testsuite hostname="LAPTOP-LENOVO" failures="0" tests="1" name="test.TestCase1" time="106.720" errors="0" timestamp="2023-05-20T11:36:48 IST" skipped="0">
  <testcase classname="test.TestCase1" name="test1" time="106.720"/>
  <system-out/>
</testsuite> <!-- test.TestCase1 -->
